ARM GAS  C:\msys64\tmp\ccHGPbRT.s 			page 1


   1              		.cpu cortex-m3
   2              		.eabi_attribute 20, 1
   3              		.eabi_attribute 21, 1
   4              		.eabi_attribute 23, 3
   5              		.eabi_attribute 24, 1
   6              		.eabi_attribute 25, 1
   7              		.eabi_attribute 26, 1
   8              		.eabi_attribute 30, 6
   9              		.eabi_attribute 34, 1
  10              		.eabi_attribute 18, 4
  11              		.file	"delay.c"
  12              		.text
  13              		.section	.text.timer_init_ms,"ax",%progbits
  14              		.align	1
  15              		.global	timer_init_ms
  16              		.arch armv7-m
  17              		.syntax unified
  18              		.thumb
  19              		.thumb_func
  20              		.fpu softvfp
  22              	timer_init_ms:
  23              		@ args = 0, pretend = 0, frame = 16
  24              		@ frame_needed = 1, uses_anonymous_args = 0
  25 0000 80B5     		push	{r7, lr}
  26 0002 84B0     		sub	sp, sp, #16
  27 0004 00AF     		add	r7, sp, #0
  28 0006 0121     		movs	r1, #1
  29 0008 0120     		movs	r0, #1
  30 000a FFF7FEFF 		bl	RCC_APB1PeriphClockCmd
  31 000e 4723     		movs	r3, #71
  32 0010 BB80     		strh	r3, [r7, #4]	@ movhi
  33 0012 4FF6FF73 		movw	r3, #65535
  34 0016 3B81     		strh	r3, [r7, #8]	@ movhi
  35 0018 0023     		movs	r3, #0
  36 001a 7B81     		strh	r3, [r7, #10]	@ movhi
  37 001c 0023     		movs	r3, #0
  38 001e FB80     		strh	r3, [r7, #6]	@ movhi
  39 0020 3B1D     		adds	r3, r7, #4
  40 0022 1946     		mov	r1, r3
  41 0024 4FF08040 		mov	r0, #1073741824
  42 0028 FFF7FEFF 		bl	TIM_TimeBaseInit
  43 002c 0121     		movs	r1, #1
  44 002e 4FF08040 		mov	r0, #1073741824
  45 0032 FFF7FEFF 		bl	TIM_Cmd
  46 0036 00BF     		nop
  47 0038 1037     		adds	r7, r7, #16
  48 003a BD46     		mov	sp, r7
  49              		@ sp needed
  50 003c 80BD     		pop	{r7, pc}
  52              		.section	.text.timer_init_us,"ax",%progbits
  53              		.align	1
  54              		.global	timer_init_us
  55              		.syntax unified
  56              		.thumb
  57              		.thumb_func
  58              		.fpu softvfp
  60              	timer_init_us:
ARM GAS  C:\msys64\tmp\ccHGPbRT.s 			page 2


  61              		@ args = 0, pretend = 0, frame = 16
  62              		@ frame_needed = 1, uses_anonymous_args = 0
  63 0000 80B5     		push	{r7, lr}
  64 0002 84B0     		sub	sp, sp, #16
  65 0004 00AF     		add	r7, sp, #0
  66 0006 0121     		movs	r1, #1
  67 0008 0120     		movs	r0, #1
  68 000a FFF7FEFF 		bl	RCC_APB1PeriphClockCmd
  69 000e 1D23     		movs	r3, #29
  70 0010 BB80     		strh	r3, [r7, #4]	@ movhi
  71 0012 4FF6FF73 		movw	r3, #65535
  72 0016 3B81     		strh	r3, [r7, #8]	@ movhi
  73 0018 0023     		movs	r3, #0
  74 001a 7B81     		strh	r3, [r7, #10]	@ movhi
  75 001c 0023     		movs	r3, #0
  76 001e FB80     		strh	r3, [r7, #6]	@ movhi
  77 0020 3B1D     		adds	r3, r7, #4
  78 0022 1946     		mov	r1, r3
  79 0024 4FF08040 		mov	r0, #1073741824
  80 0028 FFF7FEFF 		bl	TIM_TimeBaseInit
  81 002c 0121     		movs	r1, #1
  82 002e 4FF08040 		mov	r0, #1073741824
  83 0032 FFF7FEFF 		bl	TIM_Cmd
  84 0036 00BF     		nop
  85 0038 1037     		adds	r7, r7, #16
  86 003a BD46     		mov	sp, r7
  87              		@ sp needed
  88 003c 80BD     		pop	{r7, pc}
  90              		.section	.text.stop_timer,"ax",%progbits
  91              		.align	1
  92              		.global	stop_timer
  93              		.syntax unified
  94              		.thumb
  95              		.thumb_func
  96              		.fpu softvfp
  98              	stop_timer:
  99              		@ args = 0, pretend = 0, frame = 0
 100              		@ frame_needed = 1, uses_anonymous_args = 0
 101 0000 80B5     		push	{r7, lr}
 102 0002 00AF     		add	r7, sp, #0
 103 0004 0021     		movs	r1, #0
 104 0006 4FF08040 		mov	r0, #1073741824
 105 000a FFF7FEFF 		bl	TIM_Cmd
 106 000e 0021     		movs	r1, #0
 107 0010 0120     		movs	r0, #1
 108 0012 FFF7FEFF 		bl	RCC_APB1PeriphClockCmd
 109 0016 00BF     		nop
 110 0018 80BD     		pop	{r7, pc}
 112              		.section	.text.delay1ms,"ax",%progbits
 113              		.align	1
 114              		.global	delay1ms
 115              		.syntax unified
 116              		.thumb
 117              		.thumb_func
 118              		.fpu softvfp
 120              	delay1ms:
 121              		@ args = 0, pretend = 0, frame = 0
ARM GAS  C:\msys64\tmp\ccHGPbRT.s 			page 3


 122              		@ frame_needed = 1, uses_anonymous_args = 0
 123 0000 80B5     		push	{r7, lr}
 124 0002 00AF     		add	r7, sp, #0
 125 0004 0021     		movs	r1, #0
 126 0006 4FF08040 		mov	r0, #1073741824
 127 000a FFF7FEFF 		bl	TIM_SetCounter
 128 000e 00BF     		nop
 129              	.L5:
 130 0010 4FF08040 		mov	r0, #1073741824
 131 0014 FFF7FEFF 		bl	TIM_GetCounter
 132 0018 0346     		mov	r3, r0
 133 001a B3F57A7F 		cmp	r3, #1000
 134 001e F7D3     		bcc	.L5
 135 0020 00BF     		nop
 136 0022 00BF     		nop
 137 0024 80BD     		pop	{r7, pc}
 139              		.section	.text.delay_ms,"ax",%progbits
 140              		.align	1
 141              		.global	delay_ms
 142              		.syntax unified
 143              		.thumb
 144              		.thumb_func
 145              		.fpu softvfp
 147              	delay_ms:
 148              		@ args = 0, pretend = 0, frame = 8
 149              		@ frame_needed = 1, uses_anonymous_args = 0
 150 0000 80B5     		push	{r7, lr}
 151 0002 82B0     		sub	sp, sp, #8
 152 0004 00AF     		add	r7, sp, #0
 153 0006 7860     		str	r0, [r7, #4]
 154 0008 FFF7FEFF 		bl	timer_init_ms
 155 000c 01E0     		b	.L7
 156              	.L8:
 157 000e FFF7FEFF 		bl	delay1ms
 158              	.L7:
 159 0012 7B68     		ldr	r3, [r7, #4]
 160 0014 5A1E     		subs	r2, r3, #1
 161 0016 7A60     		str	r2, [r7, #4]
 162 0018 002B     		cmp	r3, #0
 163 001a F8D1     		bne	.L8
 164 001c FFF7FEFF 		bl	stop_timer
 165 0020 00BF     		nop
 166 0022 0837     		adds	r7, r7, #8
 167 0024 BD46     		mov	sp, r7
 168              		@ sp needed
 169 0026 80BD     		pop	{r7, pc}
 171              		.section	.text.delay_us,"ax",%progbits
 172              		.align	1
 173              		.global	delay_us
 174              		.syntax unified
 175              		.thumb
 176              		.thumb_func
 177              		.fpu softvfp
 179              	delay_us:
 180              		@ args = 0, pretend = 0, frame = 8
 181              		@ frame_needed = 1, uses_anonymous_args = 0
 182 0000 80B5     		push	{r7, lr}
ARM GAS  C:\msys64\tmp\ccHGPbRT.s 			page 4


 183 0002 82B0     		sub	sp, sp, #8
 184 0004 00AF     		add	r7, sp, #0
 185 0006 7860     		str	r0, [r7, #4]
 186 0008 FFF7FEFF 		bl	timer_init_us
 187 000c 0021     		movs	r1, #0
 188 000e 4FF08040 		mov	r0, #1073741824
 189 0012 FFF7FEFF 		bl	TIM_SetCounter
 190 0016 00BF     		nop
 191              	.L10:
 192 0018 4FF08040 		mov	r0, #1073741824
 193 001c FFF7FEFF 		bl	TIM_GetCounter
 194 0020 0346     		mov	r3, r0
 195 0022 1A46     		mov	r2, r3
 196 0024 7B68     		ldr	r3, [r7, #4]
 197 0026 9342     		cmp	r3, r2
 198 0028 F6D8     		bhi	.L10
 199 002a FFF7FEFF 		bl	stop_timer
 200 002e 00BF     		nop
 201 0030 0837     		adds	r7, r7, #8
 202 0032 BD46     		mov	sp, r7
 203              		@ sp needed
 204 0034 80BD     		pop	{r7, pc}
 206              		.ident	"GCC: (GNU) 10.1.0"
ARM GAS  C:\msys64\tmp\ccHGPbRT.s 			page 5


DEFINED SYMBOLS
                            *ABS*:0000000000000000 delay.c
C:\msys64\tmp\ccHGPbRT.s:14     .text.timer_init_ms:0000000000000000 $t
C:\msys64\tmp\ccHGPbRT.s:22     .text.timer_init_ms:0000000000000000 timer_init_ms
C:\msys64\tmp\ccHGPbRT.s:53     .text.timer_init_us:0000000000000000 $t
C:\msys64\tmp\ccHGPbRT.s:60     .text.timer_init_us:0000000000000000 timer_init_us
C:\msys64\tmp\ccHGPbRT.s:91     .text.stop_timer:0000000000000000 $t
C:\msys64\tmp\ccHGPbRT.s:98     .text.stop_timer:0000000000000000 stop_timer
C:\msys64\tmp\ccHGPbRT.s:113    .text.delay1ms:0000000000000000 $t
C:\msys64\tmp\ccHGPbRT.s:120    .text.delay1ms:0000000000000000 delay1ms
C:\msys64\tmp\ccHGPbRT.s:140    .text.delay_ms:0000000000000000 $t
C:\msys64\tmp\ccHGPbRT.s:147    .text.delay_ms:0000000000000000 delay_ms
C:\msys64\tmp\ccHGPbRT.s:172    .text.delay_us:0000000000000000 $t
C:\msys64\tmp\ccHGPbRT.s:179    .text.delay_us:0000000000000000 delay_us

UNDEFINED SYMBOLS
RCC_APB1PeriphClockCmd
TIM_TimeBaseInit
TIM_Cmd
TIM_SetCounter
TIM_GetCounter
