ARM GAS  C:\msys64\tmp\ccHb4ZZL.s 			page 1


   1              		.cpu cortex-m3
   2              		.eabi_attribute 20, 1
   3              		.eabi_attribute 21, 1
   4              		.eabi_attribute 23, 3
   5              		.eabi_attribute 24, 1
   6              		.eabi_attribute 25, 1
   7              		.eabi_attribute 26, 1
   8              		.eabi_attribute 30, 6
   9              		.eabi_attribute 34, 1
  10              		.eabi_attribute 18, 4
  11              		.file	"main.c"
  12              		.text
  13              		.section	.text.Delay_1_Ms,"ax",%progbits
  14              		.align	1
  15              		.global	Delay_1_Ms
  16              		.arch armv7-m
  17              		.syntax unified
  18              		.thumb
  19              		.thumb_func
  20              		.fpu softvfp
  22              	Delay_1_Ms:
  23              		@ args = 0, pretend = 0, frame = 0
  24              		@ frame_needed = 1, uses_anonymous_args = 0
  25              		@ link register save eliminated.
  26 0000 80B4     		push	{r7}
  27 0002 00AF     		add	r7, sp, #0
  28 0004 0A4B     		ldr	r3, .L3
  29 0006 0B4A     		ldr	r2, .L3+4
  30 0008 5A60     		str	r2, [r3, #4]
  31 000a 094B     		ldr	r3, .L3
  32 000c 0022     		movs	r2, #0
  33 000e 9A60     		str	r2, [r3, #8]
  34 0010 074B     		ldr	r3, .L3
  35 0012 0522     		movs	r2, #5
  36 0014 1A60     		str	r2, [r3]
  37 0016 00BF     		nop
  38              	.L2:
  39 0018 054B     		ldr	r3, .L3
  40 001a 1B68     		ldr	r3, [r3]
  41 001c 03F48033 		and	r3, r3, #65536
  42 0020 002B     		cmp	r3, #0
  43 0022 F9D0     		beq	.L2
  44 0024 00BF     		nop
  45 0026 00BF     		nop
  46 0028 BD46     		mov	sp, r7
  47              		@ sp needed
  48 002a 80BC     		pop	{r7}
  49 002c 7047     		bx	lr
  50              	.L4:
  51 002e 00BF     		.align	2
  52              	.L3:
  53 0030 10E000E0 		.word	-536813552
  54 0034 3F190100 		.word	71999
  56              		.section	.text.Delay_Ms,"ax",%progbits
  57              		.align	1
  58              		.global	Delay_Ms
  59              		.syntax unified
ARM GAS  C:\msys64\tmp\ccHb4ZZL.s 			page 2


  60              		.thumb
  61              		.thumb_func
  62              		.fpu softvfp
  64              	Delay_Ms:
  65              		@ args = 0, pretend = 0, frame = 8
  66              		@ frame_needed = 1, uses_anonymous_args = 0
  67 0000 80B5     		push	{r7, lr}
  68 0002 82B0     		sub	sp, sp, #8
  69 0004 00AF     		add	r7, sp, #0
  70 0006 7860     		str	r0, [r7, #4]
  71 0008 04E0     		b	.L6
  72              	.L7:
  73 000a FFF7FEFF 		bl	Delay_1_Ms
  74 000e 7B68     		ldr	r3, [r7, #4]
  75 0010 013B     		subs	r3, r3, #1
  76 0012 7B60     		str	r3, [r7, #4]
  77              	.L6:
  78 0014 7B68     		ldr	r3, [r7, #4]
  79 0016 002B     		cmp	r3, #0
  80 0018 F7D1     		bne	.L7
  81 001a 00BF     		nop
  82 001c 00BF     		nop
  83 001e 0837     		adds	r7, r7, #8
  84 0020 BD46     		mov	sp, r7
  85              		@ sp needed
  86 0022 80BD     		pop	{r7, pc}
  88              		.section	.text.main,"ax",%progbits
  89              		.align	1
  90              		.global	main
  91              		.syntax unified
  92              		.thumb
  93              		.thumb_func
  94              		.fpu softvfp
  96              	main:
  97              		@ args = 0, pretend = 0, frame = 8
  98              		@ frame_needed = 1, uses_anonymous_args = 0
  99 0000 80B5     		push	{r7, lr}
 100 0002 82B0     		sub	sp, sp, #8
 101 0004 00AF     		add	r7, sp, #0
 102 0006 0121     		movs	r1, #1
 103 0008 0820     		movs	r0, #8
 104 000a FFF7FEFF 		bl	RCC_APB2PeriphClockCmd
 105 000e 4FF4C043 		mov	r3, #24576
 106 0012 BB80     		strh	r3, [r7, #4]	@ movhi
 107 0014 0323     		movs	r3, #3
 108 0016 BB71     		strb	r3, [r7, #6]
 109 0018 1023     		movs	r3, #16
 110 001a FB71     		strb	r3, [r7, #7]
 111 001c 3B1D     		adds	r3, r7, #4
 112 001e 1946     		mov	r1, r3
 113 0020 0E48     		ldr	r0, .L10
 114 0022 FFF7FEFF 		bl	GPIO_Init
 115              	.L9:
 116 0026 4FF48041 		mov	r1, #16384
 117 002a 0C48     		ldr	r0, .L10
 118 002c FFF7FEFF 		bl	GPIO_ResetBits
 119 0030 4FF40051 		mov	r1, #8192
ARM GAS  C:\msys64\tmp\ccHb4ZZL.s 			page 3


 120 0034 0948     		ldr	r0, .L10
 121 0036 FFF7FEFF 		bl	GPIO_SetBits
 122 003a 0320     		movs	r0, #3
 123 003c FFF7FEFF 		bl	Delay_Ms
 124 0040 4FF40051 		mov	r1, #8192
 125 0044 0548     		ldr	r0, .L10
 126 0046 FFF7FEFF 		bl	GPIO_ResetBits
 127 004a 4FF48041 		mov	r1, #16384
 128 004e 0348     		ldr	r0, .L10
 129 0050 FFF7FEFF 		bl	GPIO_SetBits
 130 0054 0320     		movs	r0, #3
 131 0056 FFF7FEFF 		bl	Delay_Ms
 132 005a E4E7     		b	.L9
 133              	.L11:
 134              		.align	2
 135              	.L10:
 136 005c 000C0140 		.word	1073810432
 138              		.ident	"GCC: (GNU) 10.1.0"
ARM GAS  C:\msys64\tmp\ccHb4ZZL.s 			page 4


DEFINED SYMBOLS
                            *ABS*:0000000000000000 main.c
C:\msys64\tmp\ccHb4ZZL.s:14     .text.Delay_1_Ms:0000000000000000 $t
C:\msys64\tmp\ccHb4ZZL.s:22     .text.Delay_1_Ms:0000000000000000 Delay_1_Ms
C:\msys64\tmp\ccHb4ZZL.s:53     .text.Delay_1_Ms:0000000000000030 $d
C:\msys64\tmp\ccHb4ZZL.s:57     .text.Delay_Ms:0000000000000000 $t
C:\msys64\tmp\ccHb4ZZL.s:64     .text.Delay_Ms:0000000000000000 Delay_Ms
C:\msys64\tmp\ccHb4ZZL.s:89     .text.main:0000000000000000 $t
C:\msys64\tmp\ccHb4ZZL.s:96     .text.main:0000000000000000 main
C:\msys64\tmp\ccHb4ZZL.s:136    .text.main:000000000000005c $d

UNDEFINED SYMBOLS
RCC_APB2PeriphClockCmd
GPIO_Init
GPIO_ResetBits
GPIO_SetBits
